<?xml version="1.0" encoding="UTF-8"?>
<!-- Generated by org.testng.reporters.JUnitXMLReporter -->
<testsuite hostname="DESKTOP-3OHOLAF" ignored="0" name="Tools qa Test" tests="3" failures="1" timestamp="25 Mar 2020 16:02:25 GMT" time="68.761" errors="0">
  <testcase name="TC01" time="0.569" classname="TestCases.ToolsQATest"/>
  <testcase name="TC02" time="15.922" classname="TestCases.ToolsQATest"/>
  <testcase name="TC03" time="20.338" classname="TestCases.ToolsQATest">
    <failure type="java.lang.AssertionError" message="The following asserts failed:
	expected [true] but found [false]">
      <![CDATA[java.lang.AssertionError: The following asserts failed:
expected [true] but found [false]
at TestCases.ToolsQATest.TC03(ToolsQATest.java:81)
... Removed 26 stack frames]]>
    </failure>
  </testcase> <!-- TC03 -->
</testsuite> <!-- Tools qa Test -->
