<?xml version="1.0" encoding="UTF-8"?>
<testng-results skipped="0" failed="1" ignored="0" total="3" passed="2">
  <reporter-output>
  </reporter-output>
  <suite name="ToolsQATest" duration-ms="68761" started-at="2020-03-25T16:01:16Z" finished-at="2020-03-25T16:02:25Z">
    <groups>
    </groups>
    <test name="Tools qa Test" duration-ms="68761" started-at="2020-03-25T16:01:16Z" finished-at="2020-03-25T16:02:25Z">
      <class name="TestCases.ToolsQATest">
        <test-method status="PASS" signature="setup()[pri:0, instance:TestCases.ToolsQATest@1db50c5]" name="setup" is-config="true" duration-ms="10706" started-at="2020-03-25T16:01:16Z" finished-at="2020-03-25T16:01:27Z">
          <reporter-output>
          </reporter-output>
        </test-method> <!-- setup -->
        <test-method status="PASS" signature="TC01()[pri:0, instance:TestCases.ToolsQATest@1db50c5]" name="TC01" duration-ms="569" started-at="2020-03-25T16:01:27Z" finished-at="2020-03-25T16:01:27Z">
          <reporter-output>
          </reporter-output>
        </test-method> <!-- TC01 -->
        <test-method status="PASS" signature="captureStatus(org.testng.ITestResult)[pri:0, instance:TestCases.ToolsQATest@1db50c5]" name="captureStatus" is-config="true" duration-ms="1119" started-at="2020-03-25T16:01:27Z" finished-at="2020-03-25T16:01:29Z">
          <params>
            <param index="0">
              <value>
                <![CDATA[[TestResult name=TC01 status=SUCCESS method=ToolsQATest.TC01()[pri:0, instance:TestCases.ToolsQATest@1db50c5] output={null}]]]>
              </value>
            </param>
          </params>
          <reporter-output>
          </reporter-output>
        </test-method> <!-- captureStatus -->
        <test-method status="PASS" signature="setup()[pri:0, instance:TestCases.ToolsQATest@1db50c5]" name="setup" is-config="true" duration-ms="8139" started-at="2020-03-25T16:01:29Z" finished-at="2020-03-25T16:01:37Z">
          <reporter-output>
          </reporter-output>
        </test-method> <!-- setup -->
        <test-method status="PASS" signature="TC02()[pri:0, instance:TestCases.ToolsQATest@1db50c5]" name="TC02" duration-ms="15922" started-at="2020-03-25T16:01:37Z" finished-at="2020-03-25T16:01:53Z">
          <reporter-output>
          </reporter-output>
        </test-method> <!-- TC02 -->
        <test-method status="PASS" signature="captureStatus(org.testng.ITestResult)[pri:0, instance:TestCases.ToolsQATest@1db50c5]" name="captureStatus" is-config="true" duration-ms="1158" started-at="2020-03-25T16:01:53Z" finished-at="2020-03-25T16:01:54Z">
          <params>
            <param index="0">
              <value>
                <![CDATA[[TestResult name=TC02 status=SUCCESS method=ToolsQATest.TC02()[pri:0, instance:TestCases.ToolsQATest@1db50c5] output={null}]]]>
              </value>
            </param>
          </params>
          <reporter-output>
          </reporter-output>
        </test-method> <!-- captureStatus -->
        <test-method status="PASS" signature="setup()[pri:0, instance:TestCases.ToolsQATest@1db50c5]" name="setup" is-config="true" duration-ms="8060" started-at="2020-03-25T16:01:54Z" finished-at="2020-03-25T16:02:02Z">
          <reporter-output>
          </reporter-output>
        </test-method> <!-- setup -->
        <test-method status="FAIL" signature="TC03()[pri:0, instance:TestCases.ToolsQATest@1db50c5]" name="TC03" duration-ms="20338" started-at="2020-03-25T16:02:02Z" finished-at="2020-03-25T16:02:22Z">
          <exception class="java.lang.AssertionError">
            <message>
              <![CDATA[The following asserts failed:
expected [true] but found [false]]]>
            </message>
            <full-stacktrace>
              <![CDATA[java.lang.AssertionError: The following asserts failed:
expected [true] but found [false]
at org.testng.asserts.SoftAssert.assertAll(SoftAssert.java:43)
at TestCases.ToolsQATest.TC03(ToolsQATest.java:81)
at sun.reflect.NativeMethodAccessorImpl.invoke0(Native Method)
at sun.reflect.NativeMethodAccessorImpl.invoke(NativeMethodAccessorImpl.java:62)
at sun.reflect.DelegatingMethodAccessorImpl.invoke(DelegatingMethodAccessorImpl.java:43)
at java.lang.reflect.Method.invoke(Method.java:498)
at org.testng.internal.MethodInvocationHelper.invokeMethod(MethodInvocationHelper.java:124)
at org.testng.internal.Invoker.invokeMethod(Invoker.java:583)
at org.testng.internal.Invoker.invokeTestMethod(Invoker.java:719)
at org.testng.internal.Invoker.invokeTestMethods(Invoker.java:989)
at org.testng.internal.TestMethodWorker.invokeTestMethods(TestMethodWorker.java:125)
at org.testng.internal.TestMethodWorker.run(TestMethodWorker.java:109)
at org.testng.TestRunner.privateRun(TestRunner.java:648)
at org.testng.TestRunner.run(TestRunner.java:505)
at org.testng.SuiteRunner.runTest(SuiteRunner.java:455)
at org.testng.SuiteRunner.runSequentially(SuiteRunner.java:450)
at org.testng.SuiteRunner.privateRun(SuiteRunner.java:415)
at org.testng.SuiteRunner.run(SuiteRunner.java:364)
at org.testng.SuiteRunnerWorker.runSuite(SuiteRunnerWorker.java:52)
at org.testng.SuiteRunnerWorker.run(SuiteRunnerWorker.java:84)
at org.testng.TestNG.runSuitesSequentially(TestNG.java:1208)
at org.testng.TestNG.runSuitesLocally(TestNG.java:1137)
at org.testng.TestNG.runSuites(TestNG.java:1049)
at org.testng.TestNG.run(TestNG.java:1017)
at org.testng.remote.AbstractRemoteTestNG.run(AbstractRemoteTestNG.java:114)
at org.testng.remote.RemoteTestNG.initAndRun(RemoteTestNG.java:251)
at org.testng.remote.RemoteTestNG.main(RemoteTestNG.java:77)
]]>
            </full-stacktrace>
          </exception> <!-- java.lang.AssertionError -->
          <reporter-output>
          </reporter-output>
        </test-method> <!-- TC03 -->
        <test-method status="PASS" signature="captureStatus(org.testng.ITestResult)[pri:0, instance:TestCases.ToolsQATest@1db50c5]" name="captureStatus" is-config="true" duration-ms="1664" started-at="2020-03-25T16:02:22Z" finished-at="2020-03-25T16:02:24Z">
          <params>
            <param index="0">
              <value>
                <![CDATA[[TestResult name=TC03 status=FAILURE method=ToolsQATest.TC03()[pri:0, instance:TestCases.ToolsQATest@1db50c5] output={null}]]]>
              </value>
            </param>
          </params>
          <reporter-output>
          </reporter-output>
        </test-method> <!-- captureStatus -->
        <test-method status="PASS" signature="report()[pri:0, instance:TestCases.ToolsQATest@1db50c5]" name="report" is-config="true" duration-ms="974" started-at="2020-03-25T16:02:24Z" finished-at="2020-03-25T16:02:25Z">
          <reporter-output>
          </reporter-output>
        </test-method> <!-- report -->
      </class> <!-- TestCases.ToolsQATest -->
    </test> <!-- Tools qa Test -->
  </suite> <!-- ToolsQATest -->
</testng-results>
